<html>
<head>
<title>TestNG:  kmartAusValidations_TestCase-Run1</title>
<link href="../testng.css" rel="stylesheet" type="text/css" />
<link href="../my-testng.css" rel="stylesheet" type="text/css" />

<style type="text/css">
.log { display: none;} 
.stack-trace { display: none;} 
</style>
<script type="text/javascript">
<!--
function flip(e) {
  current = e.style.display;
  if (current == 'block') {
    e.style.display = 'none';
    return 0;
  }
  else {
    e.style.display = 'block';
    return 1;
  }
}

function toggleBox(szDivId, elem, msg1, msg2)
{
  var res = -1;  if (document.getElementById) {
    res = flip(document.getElementById(szDivId));
  }
  else if (document.all) {
    // this is the way old msie versions work
    res = flip(document.all[szDivId]);
  }
  if(elem) {
    if(res == 0) elem.innerHTML = msg1; else elem.innerHTML = msg2;
  }

}

function toggleAllBoxes() {
  if (document.getElementsByTagName) {
    d = document.getElementsByTagName('div');
    for (i = 0; i < d.length; i++) {
      if (d[i].className == 'log') {
        flip(d[i]);
      }
    }
  }
}

// -->
</script>

</head>
<body>
<h2 align='center'>kmartAusValidations_TestCase-Run1</h2><table border='1' align="center">
<tr>
<td>Tests passed/Failed/Skipped:</td><td>0/1/0</td>
</tr><tr>
<td>Started on:</td><td>Mon May 03 16:17:46 AEST 2021</td>
</tr>
<tr><td>Total time:</td><td>285 seconds (285775 ms)</td>
</tr><tr>
<td>Included groups:</td><td></td>
</tr><tr>
<td>Excluded groups:</td><td></td>
</tr>
</table><p/>
<small><i>(Hover the method name to see the test class name)</i></small><p/>
<table width='100%' border='1' class='invocation-failed'>
<tr><td colspan='4' align='center'><b>FAILED TESTS</b></td></tr>
<tr><td><b>Test method</b></td>
<td width="30%"><b>Exception</b></td>
<td width="10%"><b>Time (seconds)</b></td>
<td><b>Instance</b></td>
</tr>
<tr>
<td title='com.mop.qa.test.regression.kmartAusValidations.kmartAusValidations_TestCase()'><b>kmartAusValidations_TestCase</b><br>Test class: com.mop.qa.test.regression.kmartAusValidations</td>
<td><div><pre>java.lang.Exception: org.openqa.selenium.NoSuchElementException: no such element (An element could not be located on the page using the given search parameters (XPATH=&apos;(//*[@text=&apos;Size&apos;]/following-sibling::*)[3]&apos;))  (WARNING: The server did not provide any stacktrace information)
Command duration or timeout: 0 milliseconds
For documentation on this error, please visit: http://seleniumhq.org/exceptions/no_such_element.html
Build info: version: &apos;3.7.1&apos;, revision: &apos;8a0099a&apos;, time: &apos;2017-11-06T21:01:39.354Z&apos;
System info: host: &apos;ASRHQFR017&apos;, ip: &apos;fe80:0:0:0:1ce2:f2cc:4590:eece%en0&apos;, os.name: &apos;Mac OS X&apos;, os.arch: &apos;x86_64&apos;, os.version: &apos;10.15.7&apos;, java.version: &apos;1.8.0_281&apos;
Driver info: io.appium.java_client.android.AndroidDriver
Capabilities {appActivity: acr.browser.lightning.MainA..., appBuildVersion: , appPackage: com.litespeed.litespeed, appReleaseVersion: , appiumVersion: 1.8.0, applicationClearData: false, autoAcceptAlerts: true, autoDismissAlerts: true, autoGrantPermissions: true, autoWebview: false, commandTimeouts: 120000, desired: {appActivity: acr.browser.lightning.MainA..., appPackage: com.litespeed.litespeed, autoAcceptAlerts: true, autoDismissAlerts: true, autoGrantPermissions: true, deviceQuery: @serialNumber=&apos;LMQ630Q8DY9P..., instrumentApp: false, platformName: Android, resetKeyboard: true, testName: Fillr - Regression, unicodeKeyboard: true}, device.category: PHONE, device.majorVersion: 10, device.manufacture: LGE, device.model: LM-Q630, device.name: LM-Q630, device.os: Android, device.screenSize: 1080x2340, device.serialNumber: LMQ630Q8DY9PZ5WKIV, device.version: 10, deviceQuery: @serialNumber=&apos;LMQ630Q8DY9P..., deviceUDID: LMQ630Q8DY9PZ5WKIV, dontGoHomeOnQuit: false, dontStopAppOnReset: false, fullReset: false, install.only.for.update: false, installOnlyForUpdate: false, instrumentApp: false, javascriptEnabled: true, keystorePath: ~/.android/debug.keystore, locationServicesAuthorized: false, newSessionWaitTimeout: 600, noReset: false, platform: ANDROID, platformName: Android, projectName: , reportDirectory: reports, reportFormat: xml, reportUrl: /Users/banumathy.sankaran/a..., reservationDuration: 240, resetKeyboard: true, takeScreenshots: true, test.type: Mobile, testName: Fillr - Regression, udid: LMQ630Q8DY9PZ5WKIV, unicodeKeyboard: true, useKeystore: false, waitForDeviceTimeout: 120000}
Session ID: 7a053294-5510-4354-a7ba-b296d6e3bc49
*** Element info: {Using=xpath, value=(//*[@text=&apos;Size&apos;]/following-sibling::*)[3]}
	at com.mop.qa.test.testBase1.PageBase.clickWithWait(PageBase.java:1354)
	at com.mop.qa.pageobject.kmartMenu.addItemsToCartKmart(kmartMenu.java:82)
	at com.mop.qa.test.regression.kmartAusValidations.kmartAusValidations_TestCase(kmartAusValidations.java:18)
	at com.mop.qa.testrunner.TestRunner.main(TestRunner.java:166)
Caused by: org.openqa.selenium.NoSuchElementException: no such element (An element could not be located on the page using the given search parameters (XPATH=&apos;(//*[@text=&apos;Size&apos;]/following-sibling::*)[3]&apos;))  (WARNING: The server did not provide any stacktrace information)
Command duration or timeout: 0 milliseconds
For documentation on this error, please visit: http://seleniumhq.org/exceptions/no_such_element.html
Build info: version: &apos;3.7.1&apos;, revision: &apos;8a0099a&apos;, time: &apos;2017-11-06T21:01:39.354Z&apos;
System info: host: &apos;ASRHQFR017&apos;, ip: &apos;fe80:0:0:0:1ce2:f2cc:4590:eece%en0&apos;, os.name: &apos;Mac OS X&apos;, os.arch: &apos;x86_64&apos;, os.version: &apos;10.15.7&apos;, java.version: &apos;1.8.0_281&apos;
Driver info: io.appium.java_client.android.AndroidDriver
Capabilities {appActivity: acr.browser.lightning.MainA..., appBuildVersion: , appPackage: com.litespeed.litespeed, appReleaseVersion: , appiumVersion: 1.8.0, applicationClearData: false, autoAcceptAlerts: true, autoDismissAlerts: true, autoGrantPermissions: true, autoWebview: false, commandTimeouts: 120000, desired: {appActivity: acr.browser.lightning.MainA..., appPackage: com.litespeed.litespeed, autoAcceptAlerts: true, autoDismissAlerts: true, autoGrantPermissions: true, deviceQuery: @serialNumber=&apos;LMQ630Q8DY9P..., instrumentApp: false, platformName: Android, resetKeyboard: true, testName: Fillr - Regression, unicodeKeyboard: true}, device.category: PHONE, device.majorVersion: 10, device.manufacture: LGE, device.model: LM-Q630, device.name: LM-Q630, device.os: Android, device.screenSize: 1080x2340, device.serialNumber: LMQ630Q8DY9PZ5WKIV, device.version: 10, deviceQuery: @serialNumber=&apos;LMQ630Q8DY9P..., deviceUDID: LMQ630Q8DY9PZ5WKIV, dontGoHomeOnQuit: false, dontStopAppOnReset: false, fullReset: false, install.only.for.update: false, installOnlyForUpdate: false, instrumentApp: false, javascriptEnabled: true, keystorePath: ~/.android/debug.keystore, locationServicesAuthorized: false, newSessionWaitTimeout: 600, noReset: false, platform: ANDROID, platformName: Android, projectName: , reportDirectory: reports, reportFormat: xml, reportUrl: /Users/banumathy.sankaran/a..., reservationDuration: 240, resetKeyboard: true, takeScreenshots: true, test.type: Mobile, testName: Fillr - Regression, udid: LMQ630Q8DY9PZ5WKIV, unicodeKeyboard: true, useKeystore: false, waitForDeviceTimeout: 120000}
Session ID: 7a053294-5510-4354-a7ba-b296d6e3bc49
*** Element info: {Using=xpath, value=(//*[@text=&apos;Size&apos;]/following-sibling::*)[3]}
	at org.openqa.selenium.remote.ErrorHandler.createThrowable(ErrorHandler.java:214)
	at org.openqa.selenium.remote.ErrorHandler.throwIfResponseFailed(ErrorHandler.java:166)
	at org.openqa.selenium.remote.http.JsonHttpResponseCodec.reconstructValue(JsonHttpResponseCodec.java:40)
	at org.openqa.selenium.remote.http.AbstractHttpResponseCodec.decode(AbstractHttpResponseCodec.java:80)
	at org.openqa.selenium.remote.http.AbstractHttpResponseCodec.decode(AbstractHttpResponseCodec.java:44)
	at org.openqa.selenium.remote.HttpCommandExecutor.execute(HttpCommandExecutor.java:158)
	at io.appium.java_client.remote.AppiumCommandExecutor.execute(AppiumCommandExecutor.java:231)
	at org.openqa.selenium.remote.RemoteWebDriver.execute(RemoteWebDriver.java:543)
	at io.appium.java_client.DefaultGenericMobileDriver.execute(DefaultGenericMobileDriver.java:42)
	at io.appium.java_client.AppiumDriver.execute(AppiumDriver.java:1)
	at io.appium.java_client.android.AndroidDriver.execute(AndroidDriver.java:1)
	at org.openqa.selenium.remote.RemoteWebDriver.findElement(RemoteWebDriver.java:317)
	at io.appium.java_client.DefaultGenericMobileDriver.findElement(DefaultGenericMobileDriver.java:62)
	at io.appium.java_client.AppiumDriver.findElement(AppiumDriver.java:1)
	at io.appium.java_client.android.AndroidDriver.findElement(AndroidDriver.java:1)
	at org.openqa.selenium.remote.RemoteWebDriver.findElementByXPath(RemoteWebDriver.java:419)
	at io.appium.java_client.DefaultGenericMobileDriver.findElementByXPath(DefaultGenericMobileDriver.java:152)
	at io.appium.java_client.AppiumDriver.findElementByXPath(AppiumDriver.java:1)
	at io.appium.java_client.android.AndroidDriver.findElementByXPath(AndroidDriver.java:1)
	at com.mop.qa.test.testBase1.PageBase.clickWithWait(PageBase.java:1337)
	... 24 more
... Removed 25 stack frames</pre></div><a href='#' onClick='toggleBox("stack-trace1184082415", this, "Click to show all stack frames", "Click to hide stack frames")'>Click to show all stack frames</a>
<div class='stack-trace' id='stack-trace1184082415'><pre>java.lang.Exception: org.openqa.selenium.NoSuchElementException: no such element (An element could not be located on the page using the given search parameters (XPATH=&apos;(//*[@text=&apos;Size&apos;]/following-sibling::*)[3]&apos;))  (WARNING: The server did not provide any stacktrace information)
Command duration or timeout: 0 milliseconds
For documentation on this error, please visit: http://seleniumhq.org/exceptions/no_such_element.html
Build info: version: &apos;3.7.1&apos;, revision: &apos;8a0099a&apos;, time: &apos;2017-11-06T21:01:39.354Z&apos;
System info: host: &apos;ASRHQFR017&apos;, ip: &apos;fe80:0:0:0:1ce2:f2cc:4590:eece%en0&apos;, os.name: &apos;Mac OS X&apos;, os.arch: &apos;x86_64&apos;, os.version: &apos;10.15.7&apos;, java.version: &apos;1.8.0_281&apos;
Driver info: io.appium.java_client.android.AndroidDriver
Capabilities {appActivity: acr.browser.lightning.MainA..., appBuildVersion: , appPackage: com.litespeed.litespeed, appReleaseVersion: , appiumVersion: 1.8.0, applicationClearData: false, autoAcceptAlerts: true, autoDismissAlerts: true, autoGrantPermissions: true, autoWebview: false, commandTimeouts: 120000, desired: {appActivity: acr.browser.lightning.MainA..., appPackage: com.litespeed.litespeed, autoAcceptAlerts: true, autoDismissAlerts: true, autoGrantPermissions: true, deviceQuery: @serialNumber=&apos;LMQ630Q8DY9P..., instrumentApp: false, platformName: Android, resetKeyboard: true, testName: Fillr - Regression, unicodeKeyboard: true}, device.category: PHONE, device.majorVersion: 10, device.manufacture: LGE, device.model: LM-Q630, device.name: LM-Q630, device.os: Android, device.screenSize: 1080x2340, device.serialNumber: LMQ630Q8DY9PZ5WKIV, device.version: 10, deviceQuery: @serialNumber=&apos;LMQ630Q8DY9P..., deviceUDID: LMQ630Q8DY9PZ5WKIV, dontGoHomeOnQuit: false, dontStopAppOnReset: false, fullReset: false, install.only.for.update: false, installOnlyForUpdate: false, instrumentApp: false, javascriptEnabled: true, keystorePath: ~/.android/debug.keystore, locationServicesAuthorized: false, newSessionWaitTimeout: 600, noReset: false, platform: ANDROID, platformName: Android, projectName: , reportDirectory: reports, reportFormat: xml, reportUrl: /Users/banumathy.sankaran/a..., reservationDuration: 240, resetKeyboard: true, takeScreenshots: true, test.type: Mobile, testName: Fillr - Regression, udid: LMQ630Q8DY9PZ5WKIV, unicodeKeyboard: true, useKeystore: false, waitForDeviceTimeout: 120000}
Session ID: 7a053294-5510-4354-a7ba-b296d6e3bc49
*** Element info: {Using=xpath, value=(//*[@text=&apos;Size&apos;]/following-sibling::*)[3]}
	at com.mop.qa.test.testBase1.PageBase.clickWithWait(PageBase.java:1354)
	at com.mop.qa.pageobject.kmartMenu.addItemsToCartKmart(kmartMenu.java:82)
	at com.mop.qa.test.regression.kmartAusValidations.kmartAusValidations_TestCase(kmartAusValidations.java:18)
	at sun.reflect.NativeMethodAccessorImpl.invoke0(Native Method)
	at sun.reflect.NativeMethodAccessorImpl.invoke(NativeMethodAccessorImpl.java:62)
	at sun.reflect.DelegatingMethodAccessorImpl.invoke(DelegatingMethodAccessorImpl.java:43)
	at java.lang.reflect.Method.invoke(Method.java:498)
	at org.testng.internal.MethodInvocationHelper.invokeMethod(MethodInvocationHelper.java:84)
	at org.testng.internal.Invoker.invokeMethod(Invoker.java:714)
	at org.testng.internal.Invoker.invokeTestMethod(Invoker.java:901)
	at org.testng.internal.Invoker.invokeTestMethods(Invoker.java:1231)
	at org.testng.internal.TestMethodWorker.invokeTestMethods(TestMethodWorker.java:127)
	at org.testng.internal.TestMethodWorker.run(TestMethodWorker.java:111)
	at org.testng.TestRunner.privateRun(TestRunner.java:767)
	at org.testng.TestRunner.run(TestRunner.java:617)
	at org.testng.SuiteRunner.runTest(SuiteRunner.java:348)
	at org.testng.SuiteRunner.runSequentially(SuiteRunner.java:343)
	at org.testng.SuiteRunner.privateRun(SuiteRunner.java:305)
	at org.testng.SuiteRunner.run(SuiteRunner.java:254)
	at org.testng.SuiteRunnerWorker.runSuite(SuiteRunnerWorker.java:52)
	at org.testng.SuiteRunnerWorker.run(SuiteRunnerWorker.java:86)
	at org.testng.TestNG.runSuitesSequentially(TestNG.java:1224)
	at org.testng.TestNG.runSuitesLocally(TestNG.java:1149)
	at org.testng.TestNG.run(TestNG.java:1057)
	at com.mop.qa.testrunner.TestRunner.main(TestRunner.java:166)
Caused by: org.openqa.selenium.NoSuchElementException: no such element (An element could not be located on the page using the given search parameters (XPATH=&apos;(//*[@text=&apos;Size&apos;]/following-sibling::*)[3]&apos;))  (WARNING: The server did not provide any stacktrace information)
Command duration or timeout: 0 milliseconds
For documentation on this error, please visit: http://seleniumhq.org/exceptions/no_such_element.html
Build info: version: &apos;3.7.1&apos;, revision: &apos;8a0099a&apos;, time: &apos;2017-11-06T21:01:39.354Z&apos;
System info: host: &apos;ASRHQFR017&apos;, ip: &apos;fe80:0:0:0:1ce2:f2cc:4590:eece%en0&apos;, os.name: &apos;Mac OS X&apos;, os.arch: &apos;x86_64&apos;, os.version: &apos;10.15.7&apos;, java.version: &apos;1.8.0_281&apos;
Driver info: io.appium.java_client.android.AndroidDriver
Capabilities {appActivity: acr.browser.lightning.MainA..., appBuildVersion: , appPackage: com.litespeed.litespeed, appReleaseVersion: , appiumVersion: 1.8.0, applicationClearData: false, autoAcceptAlerts: true, autoDismissAlerts: true, autoGrantPermissions: true, autoWebview: false, commandTimeouts: 120000, desired: {appActivity: acr.browser.lightning.MainA..., appPackage: com.litespeed.litespeed, autoAcceptAlerts: true, autoDismissAlerts: true, autoGrantPermissions: true, deviceQuery: @serialNumber=&apos;LMQ630Q8DY9P..., instrumentApp: false, platformName: Android, resetKeyboard: true, testName: Fillr - Regression, unicodeKeyboard: true}, device.category: PHONE, device.majorVersion: 10, device.manufacture: LGE, device.model: LM-Q630, device.name: LM-Q630, device.os: Android, device.screenSize: 1080x2340, device.serialNumber: LMQ630Q8DY9PZ5WKIV, device.version: 10, deviceQuery: @serialNumber=&apos;LMQ630Q8DY9P..., deviceUDID: LMQ630Q8DY9PZ5WKIV, dontGoHomeOnQuit: false, dontStopAppOnReset: false, fullReset: false, install.only.for.update: false, installOnlyForUpdate: false, instrumentApp: false, javascriptEnabled: true, keystorePath: ~/.android/debug.keystore, locationServicesAuthorized: false, newSessionWaitTimeout: 600, noReset: false, platform: ANDROID, platformName: Android, projectName: , reportDirectory: reports, reportFormat: xml, reportUrl: /Users/banumathy.sankaran/a..., reservationDuration: 240, resetKeyboard: true, takeScreenshots: true, test.type: Mobile, testName: Fillr - Regression, udid: LMQ630Q8DY9PZ5WKIV, unicodeKeyboard: true, useKeystore: false, waitForDeviceTimeout: 120000}
Session ID: 7a053294-5510-4354-a7ba-b296d6e3bc49
*** Element info: {Using=xpath, value=(//*[@text=&apos;Size&apos;]/following-sibling::*)[3]}
	at sun.reflect.NativeConstructorAccessorImpl.newInstance0(Native Method)
	at sun.reflect.NativeConstructorAccessorImpl.newInstance(NativeConstructorAccessorImpl.java:62)
	at sun.reflect.DelegatingConstructorAccessorImpl.newInstance(DelegatingConstructorAccessorImpl.java:45)
	at java.lang.reflect.Constructor.newInstance(Constructor.java:423)
	at org.openqa.selenium.remote.ErrorHandler.createThrowable(ErrorHandler.java:214)
	at org.openqa.selenium.remote.ErrorHandler.throwIfResponseFailed(ErrorHandler.java:166)
	at org.openqa.selenium.remote.http.JsonHttpResponseCodec.reconstructValue(JsonHttpResponseCodec.java:40)
	at org.openqa.selenium.remote.http.AbstractHttpResponseCodec.decode(AbstractHttpResponseCodec.java:80)
	at org.openqa.selenium.remote.http.AbstractHttpResponseCodec.decode(AbstractHttpResponseCodec.java:44)
	at org.openqa.selenium.remote.HttpCommandExecutor.execute(HttpCommandExecutor.java:158)
	at io.appium.java_client.remote.AppiumCommandExecutor.execute(AppiumCommandExecutor.java:231)
	at org.openqa.selenium.remote.RemoteWebDriver.execute(RemoteWebDriver.java:543)
	at io.appium.java_client.DefaultGenericMobileDriver.execute(DefaultGenericMobileDriver.java:42)
	at io.appium.java_client.AppiumDriver.execute(AppiumDriver.java:1)
	at io.appium.java_client.android.AndroidDriver.execute(AndroidDriver.java:1)
	at org.openqa.selenium.remote.RemoteWebDriver.findElement(RemoteWebDriver.java:317)
	at io.appium.java_client.DefaultGenericMobileDriver.findElement(DefaultGenericMobileDriver.java:62)
	at io.appium.java_client.AppiumDriver.findElement(AppiumDriver.java:1)
	at io.appium.java_client.android.AndroidDriver.findElement(AndroidDriver.java:1)
	at org.openqa.selenium.remote.RemoteWebDriver.findElementByXPath(RemoteWebDriver.java:419)
	at io.appium.java_client.DefaultGenericMobileDriver.findElementByXPath(DefaultGenericMobileDriver.java:152)
	at io.appium.java_client.AppiumDriver.findElementByXPath(AppiumDriver.java:1)
	at io.appium.java_client.android.AndroidDriver.findElementByXPath(AndroidDriver.java:1)
	at com.mop.qa.test.testBase1.PageBase.clickWithWait(PageBase.java:1337)
	... 24 more
</pre></div></td>
<td>250</td>
<td>com.mop.qa.test.regression.kmartAusValidations@4206a205</td></tr>
</table><p>
</body>
</html>