<?xml version="1.0" encoding="UTF-8"?>
<!-- Generated by org.testng.reporters.JUnitXMLReporter -->
<testsuite hostname="ASRHQFR017" name="kmartAusValidations_TestCase-Run1" tests="1" failures="1" timestamp="3 May 2021 06:22:31 GMT" time="285.775" errors="0">
  <testcase name="kmartAusValidations_TestCase" time="250.136" classname="com.mop.qa.test.regression.kmartAusValidations">
    <failure type="java.lang.Exception" message="org.openqa.selenium.NoSuchElementException: no such element (An element could not be located on the page using the given search parameters (XPATH=&amp;apos;(//*[@text=&amp;apos;Size&amp;apos;]/following-sibling::*)[3]&amp;apos;))  (WARNING: The server did not provide any stacktrace information)
Command duration or timeout: 0 milliseconds
For documentation on this error, please visit: http://seleniumhq.org/exceptions/no_such_element.html
Build info: version: &amp;apos;3.7.1&amp;apos;, revision: &amp;apos;8a0099a&amp;apos;, time: &amp;apos;2017-11-06T21:01:39.354Z&amp;apos;
System info: host: &amp;apos;ASRHQFR017&amp;apos;, ip: &amp;apos;fe80:0:0:0:1ce2:f2cc:4590:eece%en0&amp;apos;, os.name: &amp;apos;Mac OS X&amp;apos;, os.arch: &amp;apos;x86_64&amp;apos;, os.version: &amp;apos;10.15.7&amp;apos;, java.version: &amp;apos;1.8.0_281&amp;apos;
Driver info: io.appium.java_client.android.AndroidDriver
Capabilities {appActivity: acr.browser.lightning.MainA..., appBuildVersion: , appPackage: com.litespeed.litespeed, appReleaseVersion: , appiumVersion: 1.8.0, applicationClearData: false, autoAcceptAlerts: true, autoDismissAlerts: true, autoGrantPermissions: true, autoWebview: false, commandTimeouts: 120000, desired: {appActivity: acr.browser.lightning.MainA..., appPackage: com.litespeed.litespeed, autoAcceptAlerts: true, autoDismissAlerts: true, autoGrantPermissions: true, deviceQuery: @serialNumber=&amp;apos;LMQ630Q8DY9P..., instrumentApp: false, platformName: Android, resetKeyboard: true, testName: Fillr - Regression, unicodeKeyboard: true}, device.category: PHONE, device.majorVersion: 10, device.manufacture: LGE, device.model: LM-Q630, device.name: LM-Q630, device.os: Android, device.screenSize: 1080x2340, device.serialNumber: LMQ630Q8DY9PZ5WKIV, device.version: 10, deviceQuery: @serialNumber=&amp;apos;LMQ630Q8DY9P..., deviceUDID: LMQ630Q8DY9PZ5WKIV, dontGoHomeOnQuit: false, dontStopAppOnReset: false, fullReset: false, install.only.for.update: false, installOnlyForUpdate: false, instrumentApp: false, javascriptEnabled: true, keystorePath: ~/.android/debug.keystore, locationServicesAuthorized: false, newSessionWaitTimeout: 600, noReset: false, platform: ANDROID, platformName: Android, projectName: , reportDirectory: reports, reportFormat: xml, reportUrl: /Users/banumathy.sankaran/a..., reservationDuration: 240, resetKeyboard: true, takeScreenshots: true, test.type: Mobile, testName: Fillr - Regression, udid: LMQ630Q8DY9PZ5WKIV, unicodeKeyboard: true, useKeystore: false, waitForDeviceTimeout: 120000}
Session ID: 7a053294-5510-4354-a7ba-b296d6e3bc49
*** Element info: {Using=xpath, value=(//*[@text=&amp;apos;Size&amp;apos;]/following-sibling::*)[3]}">
      <![CDATA[java.lang.Exception: org.openqa.selenium.NoSuchElementException: no such element (An element could not be located on the page using the given search parameters (XPATH='(//*[@text='Size']/following-sibling::*)[3]'))  (WARNING: The server did not provide any stacktrace information)
Command duration or timeout: 0 milliseconds
For documentation on this error, please visit: http://seleniumhq.org/exceptions/no_such_element.html
Build info: version: '3.7.1', revision: '8a0099a', time: '2017-11-06T21:01:39.354Z'
System info: host: 'ASRHQFR017', ip: 'fe80:0:0:0:1ce2:f2cc:4590:eece%en0', os.name: 'Mac OS X', os.arch: 'x86_64', os.version: '10.15.7', java.version: '1.8.0_281'
Driver info: io.appium.java_client.android.AndroidDriver
Capabilities {appActivity: acr.browser.lightning.MainA..., appBuildVersion: , appPackage: com.litespeed.litespeed, appReleaseVersion: , appiumVersion: 1.8.0, applicationClearData: false, autoAcceptAlerts: true, autoDismissAlerts: true, autoGrantPermissions: true, autoWebview: false, commandTimeouts: 120000, desired: {appActivity: acr.browser.lightning.MainA..., appPackage: com.litespeed.litespeed, autoAcceptAlerts: true, autoDismissAlerts: true, autoGrantPermissions: true, deviceQuery: @serialNumber='LMQ630Q8DY9P..., instrumentApp: false, platformName: Android, resetKeyboard: true, testName: Fillr - Regression, unicodeKeyboard: true}, device.category: PHONE, device.majorVersion: 10, device.manufacture: LGE, device.model: LM-Q630, device.name: LM-Q630, device.os: Android, device.screenSize: 1080x2340, device.serialNumber: LMQ630Q8DY9PZ5WKIV, device.version: 10, deviceQuery: @serialNumber='LMQ630Q8DY9P..., deviceUDID: LMQ630Q8DY9PZ5WKIV, dontGoHomeOnQuit: false, dontStopAppOnReset: false, fullReset: false, install.only.for.update: false, installOnlyForUpdate: false, instrumentApp: false, javascriptEnabled: true, keystorePath: ~/.android/debug.keystore, locationServicesAuthorized: false, newSessionWaitTimeout: 600, noReset: false, platform: ANDROID, platformName: Android, projectName: , reportDirectory: reports, reportFormat: xml, reportUrl: /Users/banumathy.sankaran/a..., reservationDuration: 240, resetKeyboard: true, takeScreenshots: true, test.type: Mobile, testName: Fillr - Regression, udid: LMQ630Q8DY9PZ5WKIV, unicodeKeyboard: true, useKeystore: false, waitForDeviceTimeout: 120000}
Session ID: 7a053294-5510-4354-a7ba-b296d6e3bc49
*** Element info: {Using=xpath, value=(//*[@text='Size']/following-sibling::*)[3]}
	at com.mop.qa.test.testBase1.PageBase.clickWithWait(PageBase.java:1354)
	at com.mop.qa.pageobject.kmartMenu.addItemsToCartKmart(kmartMenu.java:82)
	at com.mop.qa.test.regression.kmartAusValidations.kmartAusValidations_TestCase(kmartAusValidations.java:18)
	at com.mop.qa.testrunner.TestRunner.main(TestRunner.java:166)
Caused by: org.openqa.selenium.NoSuchElementException: no such element (An element could not be located on the page using the given search parameters (XPATH='(//*[@text='Size']/following-sibling::*)[3]'))  (WARNING: The server did not provide any stacktrace information)
Command duration or timeout: 0 milliseconds
For documentation on this error, please visit: http://seleniumhq.org/exceptions/no_such_element.html
Build info: version: '3.7.1', revision: '8a0099a', time: '2017-11-06T21:01:39.354Z'
System info: host: 'ASRHQFR017', ip: 'fe80:0:0:0:1ce2:f2cc:4590:eece%en0', os.name: 'Mac OS X', os.arch: 'x86_64', os.version: '10.15.7', java.version: '1.8.0_281'
Driver info: io.appium.java_client.android.AndroidDriver
Capabilities {appActivity: acr.browser.lightning.MainA..., appBuildVersion: , appPackage: com.litespeed.litespeed, appReleaseVersion: , appiumVersion: 1.8.0, applicationClearData: false, autoAcceptAlerts: true, autoDismissAlerts: true, autoGrantPermissions: true, autoWebview: false, commandTimeouts: 120000, desired: {appActivity: acr.browser.lightning.MainA..., appPackage: com.litespeed.litespeed, autoAcceptAlerts: true, autoDismissAlerts: true, autoGrantPermissions: true, deviceQuery: @serialNumber='LMQ630Q8DY9P..., instrumentApp: false, platformName: Android, resetKeyboard: true, testName: Fillr - Regression, unicodeKeyboard: true}, device.category: PHONE, device.majorVersion: 10, device.manufacture: LGE, device.model: LM-Q630, device.name: LM-Q630, device.os: Android, device.screenSize: 1080x2340, device.serialNumber: LMQ630Q8DY9PZ5WKIV, device.version: 10, deviceQuery: @serialNumber='LMQ630Q8DY9P..., deviceUDID: LMQ630Q8DY9PZ5WKIV, dontGoHomeOnQuit: false, dontStopAppOnReset: false, fullReset: false, install.only.for.update: false, installOnlyForUpdate: false, instrumentApp: false, javascriptEnabled: true, keystorePath: ~/.android/debug.keystore, locationServicesAuthorized: false, newSessionWaitTimeout: 600, noReset: false, platform: ANDROID, platformName: Android, projectName: , reportDirectory: reports, reportFormat: xml, reportUrl: /Users/banumathy.sankaran/a..., reservationDuration: 240, resetKeyboard: true, takeScreenshots: true, test.type: Mobile, testName: Fillr - Regression, udid: LMQ630Q8DY9PZ5WKIV, unicodeKeyboard: true, useKeystore: false, waitForDeviceTimeout: 120000}
Session ID: 7a053294-5510-4354-a7ba-b296d6e3bc49
*** Element info: {Using=xpath, value=(//*[@text='Size']/following-sibling::*)[3]}
	at org.openqa.selenium.remote.ErrorHandler.createThrowable(ErrorHandler.java:214)
	at org.openqa.selenium.remote.ErrorHandler.throwIfResponseFailed(ErrorHandler.java:166)
	at org.openqa.selenium.remote.http.JsonHttpResponseCodec.reconstructValue(JsonHttpResponseCodec.java:40)
	at org.openqa.selenium.remote.http.AbstractHttpResponseCodec.decode(AbstractHttpResponseCodec.java:80)
	at org.openqa.selenium.remote.http.AbstractHttpResponseCodec.decode(AbstractHttpResponseCodec.java:44)
	at org.openqa.selenium.remote.HttpCommandExecutor.execute(HttpCommandExecutor.java:158)
	at io.appium.java_client.remote.AppiumCommandExecutor.execute(AppiumCommandExecutor.java:231)
	at org.openqa.selenium.remote.RemoteWebDriver.execute(RemoteWebDriver.java:543)
	at io.appium.java_client.DefaultGenericMobileDriver.execute(DefaultGenericMobileDriver.java:42)
	at io.appium.java_client.AppiumDriver.execute(AppiumDriver.java:1)
	at io.appium.java_client.android.AndroidDriver.execute(AndroidDriver.java:1)
	at org.openqa.selenium.remote.RemoteWebDriver.findElement(RemoteWebDriver.java:317)
	at io.appium.java_client.DefaultGenericMobileDriver.findElement(DefaultGenericMobileDriver.java:62)
	at io.appium.java_client.AppiumDriver.findElement(AppiumDriver.java:1)
	at io.appium.java_client.android.AndroidDriver.findElement(AndroidDriver.java:1)
	at org.openqa.selenium.remote.RemoteWebDriver.findElementByXPath(RemoteWebDriver.java:419)
	at io.appium.java_client.DefaultGenericMobileDriver.findElementByXPath(DefaultGenericMobileDriver.java:152)
	at io.appium.java_client.AppiumDriver.findElementByXPath(AppiumDriver.java:1)
	at io.appium.java_client.android.AndroidDriver.findElementByXPath(AndroidDriver.java:1)
	at com.mop.qa.test.testBase1.PageBase.clickWithWait(PageBase.java:1337)
	... 24 more
... Removed 25 stack frames]]>
    </failure>
  </testcase> <!-- kmartAusValidations_TestCase -->
</testsuite> <!-- kmartAusValidations_TestCase-Run1 -->
